Log file open, 03/01/18 17:47:16
LogWindows: Failed to load 'aqProf.dll' (GetLastError=126)
LogWindows: File 'aqProf.dll' does not exist
LogWindows: Failed to load 'VtuneApi.dll' (GetLastError=126)
LogWindows: File 'VtuneApi.dll' does not exist
LogWindows: Failed to load 'VtuneApi32e.dll' (GetLastError=126)
LogWindows: File 'VtuneApi32e.dll' does not exist
LogInit: Display: Running engine for game: AGI_FightingGame
LogPlatformFile: Not using cached read wrapper
LogInit: Display: RandInit(1136333877) SRandInit(1136333877).
LogTaskGraph: Started task graph with 5 named threads and 14 total threads with 3 sets of task threads.
LogStats: Stats thread started at 0.172267
LogD3D11RHI: Aftermath initialized
LogPluginManager: Mounting plugin Paper2D
LogPluginManager: Mounting plugin LightPropagationVolume
LogPluginManager: Mounting plugin CodeLiteSourceCodeAccess
LogPluginManager: Mounting plugin GitSourceControl
LogPluginManager: Mounting plugin KDevelopSourceCodeAccess
LogPluginManager: Mounting plugin NullSourceCodeAccess
LogPluginManager: Mounting plugin PerforceSourceControl
LogPluginManager: Mounting plugin SubversionSourceControl
LogPluginManager: Mounting plugin UObjectPlugin
LogPluginManager: Mounting plugin VisualStudioSourceCodeAccess
LogPluginManager: Mounting plugin XCodeSourceCodeAccess
LogPluginManager: Mounting plugin AssetManagerEditor
LogPluginManager: Mounting plugin AudioCapture
LogPluginManager: Mounting plugin FacialAnimation
LogPluginManager: Mounting plugin GameplayTagsEditor
LogPluginManager: Mounting plugin MobileLauncherProfileWizard
LogPluginManager: Mounting plugin PluginBrowser
LogPluginManager: Mounting plugin SpeedTreeImporter
LogPluginManager: Mounting plugin AlembicImporter
LogPluginManager: Mounting plugin CharacterAI
LogPluginManager: Mounting plugin HTML5Networking
LogPluginManager: Mounting plugin AndroidMedia
LogPluginManager: Mounting plugin AvfMedia
LogPluginManager: Mounting plugin MediaPlayerEditor
LogPluginManager: Mounting plugin WmfMedia
LogPluginManager: Mounting plugin TcpMessaging
LogPluginManager: Mounting plugin UdpMessaging
LogPluginManager: Mounting plugin LevelSequenceEditor
LogPluginManager: Mounting plugin MatineeToLevelSequence
LogPluginManager: Mounting plugin OnlineSubsystemGooglePlay
LogPluginManager: Mounting plugin OnlineSubsystemIOS
LogPluginManager: Mounting plugin OnlineSubsystem
LogPluginManager: Mounting plugin OnlineSubsystemNull
LogPluginManager: Mounting plugin OnlineSubsystemUtils
LogPluginManager: Mounting plugin AndroidDeviceProfileSelector
LogPluginManager: Mounting plugin AndroidMoviePlayer
LogPluginManager: Mounting plugin AndroidPermission
LogPluginManager: Mounting plugin AppleMoviePlayer
LogPluginManager: Mounting plugin ArchVisCharacter
LogPluginManager: Mounting plugin CableComponent
LogPluginManager: Mounting plugin CustomMeshComponent
LogPluginManager: Mounting plugin ExampleDeviceProfileSelector
LogPluginManager: Mounting plugin GoogleCloudMessaging
LogPluginManager: Mounting plugin ImmediatePhysics
LogPluginManager: Mounting plugin IOSDeviceProfileSelector
LogPluginManager: Mounting plugin LinuxDeviceProfileSelector
LogPluginManager: Mounting plugin LocationServicesBPLibrary
LogPluginManager: Mounting plugin MobilePatchingUtils
LogPluginManager: Mounting plugin OculusVR
LogPluginManager: Mounting plugin PhysXVehicles
LogPluginManager: Mounting plugin ProceduralMeshComponent
LogPluginManager: Mounting plugin RuntimePhysXCooking
LogPluginManager: Mounting plugin SteamVR
LogPluginManager: Mounting plugin WindowsMoviePlayer
LogInit: Using libcurl 7.47.1
LogInit:  - built for x86_64-pc-win32
LogInit:  - supports SSL with OpenSSL/1.0.2g
LogInit:  - supports HTTP deflate (compression) using libz 1.2.8
LogInit:  - other features:
LogInit:      CURL_VERSION_SSL
LogInit:      CURL_VERSION_LIBZ
LogInit:      CURL_VERSION_IPV6
LogInit:      CURL_VERSION_ASYNCHDNS
LogInit:      CURL_VERSION_LARGEFILE
LogInit:      CURL_VERSION_IDN
LogInit:  CurlRequestOptions (configurable via config and command line):
LogInit:  - bVerifyPeer = false  - Libcurl will NOT verify peer certificate
LogInit:  - bUseHttpProxy = false  - Libcurl will NOT use HTTP proxy
LogInit:  - bDontReuseConnections = false  - Libcurl will reuse connections
LogInit:  - CertBundlePath = nullptr  - Libcurl will use whatever was configured at build time.
LogInit: Build: ++UE4+Release-4.17-CL-3658906
LogInit: Engine Version: 4.17.2-3658906+++UE4+Release-4.17
LogInit: Compatible Engine Version: 4.17.0-3573198+++UE4+Release-4.17
LogInit: Net CL: 3573198
LogDevObjectVersion: Number of dev versions registered: 16
LogDevObjectVersion:   Dev-Blueprints (B0D832E4-1F89-4F0D-ACCF-7EB736FD4AA2): 10
LogDevObjectVersion:   Dev-Build (E1C64328-A22C-4D53-A36C-8E866417BD8C): 0
LogDevObjectVersion:   Dev-Core (375EC13C-06E4-48FB-B500-84F0262A717E): 2
LogDevObjectVersion:   Dev-Editor (E4B068ED-F494-42E9-A231-DA0B2E46BB41): 20
LogDevObjectVersion:   Dev-Framework (CFFC743F-43B0-4480-9391-14DF171D2073): 28
LogDevObjectVersion:   Dev-Mobile (B02B49B5-BB20-44E9-A304-32B752E40360): 0
LogDevObjectVersion:   Dev-Networking (A4E4105C-59A1-49B5-A7C5-40C4547EDFEE): 0
LogDevObjectVersion:   Dev-Online (39C831C9-5AE6-47DC-9A44-9C173E1C8E7C): 0
LogDevObjectVersion:   Dev-Physics (78F01B33-EBEA-4F98-B9B4-84EACCB95AA2): 0
LogDevObjectVersion:   Dev-Platform (6631380F-2D4D-43E0-8009-CF276956A95A): 0
LogDevObjectVersion:   Dev-Rendering (12F88B9F-8875-4AFC-A67C-D90C383ABD29): 19
LogDevObjectVersion:   Dev-Sequencer (7B5AE74C-D270-4C10-A958-57980B212A5A): 4
LogDevObjectVersion:   Dev-VR (D7296918-1DD6-4BDD-9DE2-64A83CC13884): 0
LogDevObjectVersion:   Dev-LoadTimes (C2A15278-BFE7-4AFE-6C17-90FF531DF755): 1
LogDevObjectVersion:   Private-Geometry (6EACA3D4-40EC-4CC1-B786-8BED09428FC5): 1
LogDevObjectVersion:   Dev-AnimPhys (29E575DD-E0A3-4627-9D10-D276232CDCEA): 7
LogInit: Compiled (64-bit): Sep 22 2017 13:47:16
LogInit: Compiled with Visual C++: 19.00.24215.01
LogInit: Build Configuration: Development
LogInit: Branch Name: ++UE4+Release-4.17
LogInit: Command line:  
LogInit: Base directory: C:/Program Files/Epic Games/UE_4.17/Engine/Binaries/Win64/
LogInit: Installed Engine Build: 1
LogInit: Presizing for max 8388607 objects, including 0 objects not considered by GC, pre-allocating 0 bytes for permanent pool.
LogInit: Object subsystem initialized
[2018.03.01-17.47.18:831][  0]LogInit: Selected Device Profile: [Windows]
[2018.03.01-17.47.18:831][  0]LogInit: Applying CVar settings loaded from the selected device profile: [Windows]
[2018.03.01-17.47.18:847][  0]LogInit: Computer: DESKTOP-PJF3GQ6
[2018.03.01-17.47.18:847][  0]LogInit: User: Luke
[2018.03.01-17.47.18:847][  0]LogInit: CPU Page size=4096, Cores=4
[2018.03.01-17.47.18:847][  0]LogInit: High frequency timer resolution =3.421866 MHz
[2018.03.01-17.47.18:847][  0]LogMemory: Memory total: Physical=15.9GB (16GB approx)
[2018.03.01-17.47.18:848][  0]LogMemory: Platform Memory Stats for Windows
[2018.03.01-17.47.18:848][  0]LogMemory: Process Physical Memory: 279.49 MB used, 279.49 MB peak
[2018.03.01-17.47.18:848][  0]LogMemory: Process Virtual Memory: 282.17 MB used, 282.17 MB peak
[2018.03.01-17.47.18:848][  0]LogMemory: Physical Memory: 5002.81 MB used,  11326.92 MB free, 16329.73 MB total
[2018.03.01-17.47.18:848][  0]LogMemory: Virtual Memory: 695.34 MB used,  11326.92 MB free, 134217728.00 MB total
[2018.03.01-17.47.19:183][  0]LogInit: Using OS detected language (en-GB).
[2018.03.01-17.47.19:183][  0]LogInit: Using OS detected locale (en-GB).
[2018.03.01-17.47.19:191][  0]LogTextLocalizationManager: No specific localization for 'en-GB' exists, so the 'en' localization will be used.
[2018.03.01-17.47.19:994][  0]LogD3D11RHI: D3D11 adapters:
[2018.03.01-17.47.20:040][  0]LogD3D11RHI:    0. 'NVIDIA GeForce GTX 1080' (Feature Level 11_0)
[2018.03.01-17.47.20:040][  0]LogD3D11RHI:       8086/0/8164 MB DedicatedVideo/DedicatedSystem/SharedSystem, Outputs:2, VendorId:0x10de
[2018.03.01-17.47.20:042][  0]LogD3D11RHI:    1. 'Microsoft Basic Render Driver' (Feature Level 11_0)
[2018.03.01-17.47.20:042][  0]LogD3D11RHI:       0/0/8164 MB DedicatedVideo/DedicatedSystem/SharedSystem, Outputs:0, VendorId:0x1414
[2018.03.01-17.47.20:042][  0]LogD3D11RHI: Chosen D3D11 Adapter: 0
[2018.03.01-17.47.20:048][  0]LogD3D11RHI: Creating new Direct3DDevice
[2018.03.01-17.47.20:049][  0]LogD3D11RHI:     GPU DeviceId: 0x1b80 (for the marketing name, search the web for "GPU Device Id")
[2018.03.01-17.47.20:049][  0]LogWindows: EnumDisplayDevices:
[2018.03.01-17.47.20:049][  0]LogWindows:    0. 'NVIDIA GeForce GTX 1080' (P:1 D:1)
[2018.03.01-17.47.20:049][  0]LogWindows:    1. 'NVIDIA GeForce GTX 1080' (P:0 D:1)
[2018.03.01-17.47.20:049][  0]LogWindows:    2. 'NVIDIA GeForce GTX 1080' (P:0 D:0)
[2018.03.01-17.47.20:049][  0]LogWindows:    3. 'NVIDIA GeForce GTX 1080' (P:0 D:0)
[2018.03.01-17.47.20:049][  0]LogWindows: DebugString: GetVideoDriverDetailsInvalid PrimaryIsNotTheChoosenAdapter GetVideoDriverDetailsInvalid PrimaryIsNotTheChoosenAdapter GetVideoDriverDetailsInvalid PrimaryIsNotTheChoosenAdapter GetVideoDriverDetailsInvalid PrimaryIsNotTheChoosenAdapter FoundDriverCount:0 
[2018.03.01-17.47.20:049][  0]LogD3D11RHI:     Adapter Name: NVIDIA GeForce GTX 1080
[2018.03.01-17.47.20:049][  0]LogD3D11RHI:   Driver Version: Unknown (internal:Unknown, unified:Unknown)
[2018.03.01-17.47.20:049][  0]LogD3D11RHI:      Driver Date: Unknown
[2018.03.01-17.47.20:049][  0]LogRHI: Texture pool is 1361 MB (70% of 1945 MB)
[2018.03.01-17.47.20:073][  0]LogD3D11RHI: Async texture creation enabled
[2018.03.01-17.47.20:108][  0]LogD3D11RHI: GPU Timing Frequency: 1000.000000 (Debug: 2 1)
[2018.03.01-17.47.20:165][  0]LogShaderCompilers: Guid format shader working directory is -36 characters bigger than the processId version (../../../../../../Users/Luke/Documents/REPOS/agirepo/AGI_Project/AGI_FightingGame/Intermediate/Shaders/WorkingDirectory/9192/).
[2018.03.01-17.47.20:165][  0]LogShaderCompilers: Cleaned the shader compiler working directory 'C:/Users/Luke/AppData/Local/Temp/UnrealShaderWorkingDir/D684D9E4462F60ADE883538D6BC549E9/'.
[2018.03.01-17.47.20:166][  0]LogShaderCompilers: Display: Using Local Shader Compiler.
[2018.03.01-17.47.21:150][  0]LogTemp: Display: Loaded TP AllDesktopTargetPlatform
[2018.03.01-17.47.21:204][  0]LogTemp: Display: Loaded TP MacClientTargetPlatform
[2018.03.01-17.47.21:253][  0]LogTemp: Display: Loaded TP MacNoEditorTargetPlatform
[2018.03.01-17.47.21:316][  0]LogTemp: Display: Loaded TP MacServerTargetPlatform
[2018.03.01-17.47.21:374][  0]LogTemp: Display: Loaded TP MacTargetPlatform
[2018.03.01-17.47.21:424][  0]LogTemp: Display: Loaded TP WindowsClientTargetPlatform
[2018.03.01-17.47.21:475][  0]LogTemp: Display: Loaded TP WindowsNoEditorTargetPlatform
[2018.03.01-17.47.21:525][  0]LogTemp: Display: Loaded TP WindowsServerTargetPlatform
[2018.03.01-17.47.21:571][  0]LogTemp: Display: Loaded TP WindowsTargetPlatform
[2018.03.01-17.47.21:621][  0]LogTemp: Display: Loaded TP AndroidTargetPlatform
[2018.03.01-17.47.21:670][  0]LogTemp: Display: Loaded TP Android_ASTCTargetPlatform
[2018.03.01-17.47.21:718][  0]LogTemp: Display: Loaded TP Android_ATCTargetPlatform
[2018.03.01-17.47.21:767][  0]LogTemp: Display: Loaded TP Android_DXTTargetPlatform
[2018.03.01-17.47.21:816][  0]LogTemp: Display: Loaded TP Android_ETC1TargetPlatform
[2018.03.01-17.47.21:865][  0]LogTemp: Display: Loaded TP Android_ETC2TargetPlatform
[2018.03.01-17.47.21:962][  0]LogTemp: Display: Loaded TP Android_MultiTargetPlatform
[2018.03.01-17.47.21:962][  0]LogTemp: Display: Loaded TP Android_PVRTCTargetPlatform
[2018.03.01-17.47.22:002][  0]LogTemp: Display: Loaded TP HTML5TargetPlatform
[2018.03.01-17.47.22:098][  0]LogTemp: Display: Loaded TP IOSTargetPlatform
[2018.03.01-17.47.22:125][  0]LogTemp: Display: Loaded TP TVOSTargetPlatform
[2018.03.01-17.47.22:173][  0]LogTemp: Display: Loaded TP LinuxClientTargetPlatform
[2018.03.01-17.47.22:221][  0]LogTemp: Display: Loaded TP LinuxNoEditorTargetPlatform
[2018.03.01-17.47.22:270][  0]LogTemp: Display: Loaded TP LinuxServerTargetPlatform
[2018.03.01-17.47.22:319][  0]LogTemp: Display: Loaded TP LinuxTargetPlatform
[2018.03.01-17.47.22:319][  0]LogTargetPlatformManager: Display: Building Assets For Windows
[2018.03.01-17.47.22:957][  0]LogDerivedDataCache: Display: Max Cache Size: 512 MB
[2018.03.01-17.47.23:290][  0]LogDerivedDataCache: Loaded boot cache 0.33s 93MB C:/Users/Luke/AppData/Local/UnrealEngine/4.17/DerivedDataCache/Boot.ddc.
[2018.03.01-17.47.23:290][  0]LogDerivedDataCache: Display: Loaded Boot cache: C:/Users/Luke/AppData/Local/UnrealEngine/4.17/DerivedDataCache/Boot.ddc
[2018.03.01-17.47.23:290][  0]LogDerivedDataCache: FDerivedDataBackendGraph:  Pak pak cache file ../../../../../../Users/Luke/Documents/REPOS/agirepo/AGI_Project/AGI_FightingGame/DerivedDataCache/DDC.ddp not found, will not use a pak cache.
[2018.03.01-17.47.23:290][  0]LogDerivedDataCache: Unable to find inner node Pak for hierarchical cache Hierarchy.
[2018.03.01-17.47.23:290][  0]LogDerivedDataCache: FDerivedDataBackendGraph:  CompressedPak pak cache file ../../../../../../Users/Luke/Documents/REPOS/agirepo/AGI_Project/AGI_FightingGame/DerivedDataCache/Compressed.ddp not found, will not use a pak cache.
[2018.03.01-17.47.23:290][  0]LogDerivedDataCache: Unable to find inner node CompressedPak for hierarchical cache Hierarchy.
[2018.03.01-17.47.23:308][  0]LogDerivedDataCache: Display: Pak cache opened for reading ../../../Engine/DerivedDataCache/Compressed.ddp.
[2018.03.01-17.47.23:321][  0]LogDerivedDataCache: Using Local data cache path C:/Users/Luke/AppData/Local/UnrealEngine/Common/DerivedDataCache: Writable
[2018.03.01-17.47.23:334][  0]LogMaterial: Verifying Global Shaders for PCD3D_SM5
[2018.03.01-17.47.23:343][  0]LogSlate: Using Freetype 2.6.0
[2018.03.01-17.47.23:346][  0]LogSlate: SlateFontCache - WITH_FREETYPE: 1, WITH_HARFBUZZ: 1
[2018.03.01-17.47.23:346][  0]LogSlate: SlateFontCache - WITH_FREETYPE: 1, WITH_HARFBUZZ: 1
[2018.03.01-17.47.24:241][  0]LogAssetRegistry: FAssetRegistry took 0.0302 seconds to start up
[2018.03.01-17.47.24:376][  0]LogInit: Selected Device Profile: [Windows]
[2018.03.01-17.47.24:671][  0]LogContentStreaming: Texture pool size is 0.00 MB
[2018.03.01-17.47.25:058][  0]LogSimplygon: Simplygon DLL not present - disabling.
[2018.03.01-17.47.25:104][  0]LogMeshReduction: Using SimplygonSwarm for distributed automatic mesh merging
[2018.03.01-17.47.25:105][  0]LogMeshReduction: Using QuadricMeshReduction for automatic static mesh reduction
[2018.03.01-17.47.25:105][  0]LogMeshReduction: No automatic skeletal mesh reduction module available
[2018.03.01-17.47.25:105][  0]LogMeshReduction: No automatic mesh merging module available
[2018.03.01-17.47.25:105][  0]LogMeshMerging: No automatic mesh merging module available
[2018.03.01-17.47.25:641][  0]LogNetVersion: AGI_FightingGame , NetCL: 3573198, EngineNetVer: 2, GameNetVer: 0 (Checksum: 1367398240)
[2018.03.01-17.47.25:972][  0]LogPackageLocalizationCache: Processed 5 localized package path(s) for 2 prioritized culture(s) in 0.087612 seconds
[2018.03.01-17.47.25:978][  0]LogUObjectArray: 35825 objects as part of root set at end of initial load.
[2018.03.01-17.47.25:978][  0]LogUObjectAllocator: 7529104 out of 0 bytes used by permanent object pool.
[2018.03.01-17.47.25:978][  0]LogUObjectArray: CloseDisregardForGC: 0/0 objects in disregard for GC pool
[2018.03.01-17.47.26:035][  0]LogInit: WinSock: version 1.1 (2.2), MaxSocks=32767, MaxUdp=65467
[2018.03.01-17.47.29:789][  0]LogTcpMessaging: Initializing TcpMessaging bridge
[2018.03.01-17.47.29:852][  0]LogUdpMessaging: Initializing bridge on interface 0.0.0.0:0 to multicast group 230.0.0.1:6666.
[2018.03.01-17.47.31:201][  0]LogMaterial: Uniform references updated for custom material expression Custom.
[2018.03.01-17.47.31:760][  0]SourceControl: Source control is disabled
[2018.03.01-17.47.31:760][  0]SourceControl: Source control is disabled
[2018.03.01-17.47.31:834][  0]SourceControl: Source control is disabled
[2018.03.01-17.47.31:906][  0]SourceControl: Source control is disabled
[2018.03.01-17.47.32:735][  0]LogAndroidPermission: UAndroidPermissionCallbackProxy::GetInstance
[2018.03.01-17.47.33:097][  0]LogOcInput: OculusInput pre-init called
[2018.03.01-17.47.33:452][  0]LogEngine: Initializing Engine...
[2018.03.01-17.47.33:455][  0]LogHMD: Failed to initialize OpenVR with code 110
[2018.03.01-17.47.33:732][  0]LogStats: UGameplayTagsManager::ConstructGameplayTagTree: Construct from data asset -  0.000 s
[2018.03.01-17.47.33:733][  0]LogStats: UGameplayTagsManager::ConstructGameplayTagTree: GameplayTagTreeChangedEvent.Broadcast -  0.000 s
[2018.03.01-17.47.33:890][  0]LogAIModule: Creating AISystem for world Untitled
[2018.03.01-17.47.33:909][  0]LogInit: XAudio2 using 'Speakers (High Definition Audio Device)' : 2 channels at 44.1 kHz using 16 bits per sample (channel mask 0x3)
[2018.03.01-17.47.33:922][  0]LogInit: FAudioDevice initialized.
[2018.03.01-17.47.34:011][  0]LogDerivedDataCache: Saved boot cache 0.09s 94MB C:/Users/Luke/AppData/Local/UnrealEngine/4.17/DerivedDataCache/Boot.ddc.
[2018.03.01-17.47.34:051][  0]LogInit: Texture streaming: Enabled
[2018.03.01-17.47.34:167][  0]LogEngineSessionManager: EngineSessionManager initialized
[2018.03.01-17.47.34:420][  0]LogWindowsTextInputMethodSystem: Display: IME system now deactivated.
[2018.03.01-17.47.34:480][  0]LogInit: Transaction tracking system initialized
[2018.03.01-17.47.34:948][  0]BlueprintLog: New page: Editor Load
[2018.03.01-17.47.36:023][  0]LocalizationService: Localization service is disabled
[2018.03.01-17.47.36:930][  0]LogConsoleResponse: Display: 
[2018.03.01-17.47.37:154][  0]LogCook: Display: Max memory allowance for cook 16384mb min free memory 0mb
[2018.03.01-17.47.37:154][  0]LogCook: Display: Mobile HDR setting 1
[2018.03.01-17.47.37:156][  0]LogGameplayTags: Display: UGameplayTagsManager::DoneAddingNativeTags. DelegateIsBound: 0
[2018.03.01-17.47.37:995][  0]LogFileCache: Scanning file cache for directory 'C:/Users/Luke/Documents/REPOS/agirepo/AGI_Project/AGI_FightingGame/Content/' took 0.02s
[2018.03.01-17.47.38:542][  0]SourceControl: Source control is disabled
[2018.03.01-17.47.38:545][  0]Cmd: MAP LOAD FILE="../../../../../../Users/Luke/Documents/REPOS/agirepo/AGI_Project/AGI_FightingGame/Content/SideScrollerCPP/Maps/SideScrollerExampleMap.umap" TEMPLATE=0 SHOWPROGRESS=1 FEATURELEVEL=3
[2018.03.01-17.47.38:546][  0]LightingResults: New page: Lighting Build
[2018.03.01-17.47.38:589][  0]MapCheck: New page: Map Check
[2018.03.01-17.47.38:589][  0]LightingResults: New page: Lighting Build
[2018.03.01-17.47.38:950][  0]LogBlueprint: Warning: [Compiler PersistentLevel.SideScrollerExampleMap] Node  Unknown  is not referencing a valid level actor
[2018.03.01-17.47.38:951][  0]LogBlueprint: Warning: [Compiler PersistentLevel.SideScrollerExampleMap] [0024.81] Compile of PersistentLevel.SideScrollerExampleMap successful, but with 1 Warning(s) [in 2 ms] (/Game/SideScrollerCPP/Maps/SideScrollerExampleMap.SideScrollerExampleMap:PersistentLevel.SideScrollerExampleMap)
[2018.03.01-17.47.39:205][  0]LogAIModule: Creating AISystem for world SideScrollerExampleMap
[2018.03.01-17.47.39:231][  0]LogEditorServer: Finished looking for orphan Actors (0.000 secs)
[2018.03.01-17.47.39:252][  0]Cmd: MAP CHECKDEP NOCLEARLOG
[2018.03.01-17.47.39:321][  0]MapCheck: Map check complete: 0 Error(s), 0 Warning(s), took 68.757ms to complete.
[2018.03.01-17.47.39:321][  0]LogFileHelpers: Loading map 'SideScrollerExampleMap' took 0.778
[2018.03.01-17.47.39:524][  0]LogCollectionManager: Loaded 0 collections in 0.001782 seconds
[2018.03.01-17.47.39:633][  0]LogFileCache: Scanning file cache for directory 'C:/Users/Luke/Documents/REPOS/agirepo/AGI_Project/AGI_FightingGame/Saved/Collections/' took 0.01s
[2018.03.01-17.47.39:633][  0]LogFileCache: Scanning file cache for directory 'C:/Users/Luke/Documents/REPOS/agirepo/AGI_Project/AGI_FightingGame/Content/Developers/Luke/Collections/' took 0.01s
[2018.03.01-17.47.39:633][  0]LogFileCache: Scanning file cache for directory 'C:/Users/Luke/Documents/REPOS/agirepo/AGI_Project/AGI_FightingGame/Content/Collections/' took 0.01s
[2018.03.01-17.47.39:633][  0]LogCollectionManager: Rebuilt the GUID cache for 0 collections in 0.000000 seconds
[2018.03.01-17.47.39:644][  0]LogContentBrowser: Native class hierarchy populated in 0.0100 seconds. Added 2393 classes and 502 folders.
[2018.03.01-17.47.39:709][  0]LogContentBrowser: Native class hierarchy updated for 'WidgetCarousel' in 0.0020 seconds. Added 0 classes and 0 folders.
[2018.03.01-17.47.39:822][  0]LogContentBrowser: Native class hierarchy updated for 'AddContentDialog' in 0.0017 seconds. Added 0 classes and 0 folders.
[2018.03.01-17.47.39:881][  0]LogContentBrowser: Native class hierarchy updated for 'SceneOutliner' in 0.0018 seconds. Added 1 classes and 2 folders.
[2018.03.01-17.47.40:044][  0]LogSlate: Took 0.016081 seconds to synchronously load lazily loaded font '../../../Engine/Content/Slate/Fonts/Roboto-Regular.ttf' (155K)
[2018.03.01-17.47.40:049][  0]LogSlate: Took 0.001572 seconds to synchronously load lazily loaded font '../../../Engine/Content/Slate/Fonts/Roboto-Bold.ttf' (160K)
[2018.03.01-17.47.40:056][  0]LogSlate: Took 0.001694 seconds to synchronously load lazily loaded font '../../../Engine/Content/Editor/Slate/Fonts/FontAwesome.ttf' (139K)
[2018.03.01-17.47.40:150][  0]LogRenderer: Reallocating scene render targets to support 1232x584 Format 10 NumSamples 1 (Frame:1).
[2018.03.01-17.47.40:333][  0]LogContentBrowser: Native class hierarchy updated for 'HierarchicalLODOutliner' in 0.0020 seconds. Added 1 classes and 2 folders.
[2018.03.01-17.47.40:333][  0]LogLoad: (Engine Initialization) Total time: 26.19 seconds
[2018.03.01-17.47.40:333][  0]LogLoad: (Engine Initialization) Total Blueprint compile time: 0.00 seconds
[2018.03.01-17.47.40:334][  0]LogExternalProfiler: Found external profiler: VSPerf
[2018.03.01-17.47.40:334][  0]LogExternalProfiler: Using external profiler: VSPerf
[2018.03.01-17.47.40:382][  0]LogContentStreaming: Texture pool size now 1000 MB
[2018.03.01-17.47.40:423][  0]LogSlate: Took 0.001404 seconds to synchronously load lazily loaded font '../../../Engine/Content/Slate/Fonts/Roboto-Light.ttf' (159K)
[2018.03.01-17.47.40:430][  1]LogFileCache: Retrieving MD5 hashes for directory 'C:/Users/Luke/Documents/REPOS/agirepo/AGI_Project/AGI_FightingGame/Content/' took 0.07s
[2018.03.01-17.47.40:446][  1]LogAssetRegistry: Asset discovery search completed in 16.2281 seconds
[2018.03.01-17.47.40:448][  1]LogCollectionManager: Rebuilt the object cache for 0 collections in 0.000000 seconds (found 0 objects)
[2018.03.01-17.47.40:448][  1]LogCollectionManager: Fixed up redirectors for 0 collections in 0.000067 seconds (updated 0 objects)
[2018.03.01-17.47.41:363][ 98]LogSlate: Took 0.000222 seconds to synchronously load lazily loaded font '../../../Engine/Content/Slate/Fonts/Roboto-Light.ttf' (159K)
[2018.03.01-17.47.42:695][254]LogTemp: Repeating last play command: Selected Viewport
[2018.03.01-17.47.42:916][254]LogBlueprintUserMessages: Early PlayInEditor Detection: Level '/Game/SideScrollerCPP/Maps/SideScrollerExampleMap.SideScrollerExampleMap:PersistentLevel' has LevelScriptBlueprint '/Game/SideScrollerCPP/Maps/SideScrollerExampleMap.SideScrollerExampleMap:PersistentLevel.SideScrollerExampleMap' with GeneratedClass '/Game/SideScrollerCPP/Maps/SideScrollerExampleMap.SideScrollerExampleMap_C' with ClassGeneratedBy '/Game/SideScrollerCPP/Maps/SideScrollerExampleMap.SideScrollerExampleMap:PersistentLevel.SideScrollerExampleMap'
[2018.03.01-17.47.42:916][254]LogPlayLevel: PlayLevel: No blueprints needed recompiling
[2018.03.01-17.47.42:921][254]PIE: New page: PIE session: SideScrollerExampleMap (1 Mar 2018 17:47:42)
[2018.03.01-17.47.42:959][254]LogPlayLevel: Creating play world package: /Game/SideScrollerCPP/Maps/UEDPIE_1_SideScrollerExampleMap
[2018.03.01-17.47.42:974][254]LogPlayLevel: PIE: StaticDuplicateObject took: (0.015283s)
[2018.03.01-17.47.42:976][254]LogAIModule: Creating AISystem for world SideScrollerExampleMap
[2018.03.01-17.47.42:976][254]LogPlayLevel: PIE: World Init took: (0.001248s)
[2018.03.01-17.47.42:976][254]LogPlayLevel: PIE: Created PIE world by copying editor world from /Game/SideScrollerCPP/Maps/SideScrollerExampleMap.SideScrollerExampleMap to /Game/SideScrollerCPP/Maps/UEDPIE_1_SideScrollerExampleMap.SideScrollerExampleMap (0.016928s)
[2018.03.01-17.47.42:995][254]LogInit: XAudio2 using 'Speakers (High Definition Audio Device)' : 2 channels at 44.1 kHz using 16 bits per sample (channel mask 0x3)
[2018.03.01-17.47.42:999][254]LogInit: FAudioDevice initialized.
[2018.03.01-17.47.43:042][254]LogLoad: Game class is 'AGI_FightingGameGameMode'
[2018.03.01-17.47.43:046][254]LogWorld: Bringing World /Game/SideScrollerCPP/Maps/UEDPIE_1_SideScrollerExampleMap.SideScrollerExampleMap up for play (max tick rate 0) at 2018.03.01-17.47.43
[2018.03.01-17.47.43:047][254]LogWorld: Bringing up level for play took: 0.003021
[2018.03.01-17.47.43:091][254]LogContentBrowser: Native class hierarchy updated for 'MovieSceneCapture' in 0.0018 seconds. Added 11 classes and 0 folders.
[2018.03.01-17.47.43:092][254]LogTemp: Display: ParseSettings for GameNetDriver
[2018.03.01-17.47.43:092][254]LogTemp: Display: ParseSettings for IpNetDriver_0
[2018.03.01-17.47.43:092][254]LogTemp: Display: ParseSettings for GameNetDriver
[2018.03.01-17.47.43:093][254]LogInit: WinSock: Socket queue 131072 / 131072
[2018.03.01-17.47.43:097][254]LogInit: WinSock: I am DESKTOP-PJF3GQ6 (192.168.1.203:0)
[2018.03.01-17.47.43:097][254]PacketHandlerLog: Loaded PacketHandler component: Engine.EngineHandlerComponentFactory (StatelessConnectHandlerComponent)
[2018.03.01-17.47.43:098][254]LogNet: GameNetDriver IpNetDriver_0 IpNetDriver listening on port 7777
[2018.03.01-17.47.43:100][254]LogScript: Warning: Accessed None trying to read property CallFunc_GetPlayerController_ReturnValue2
	SideScrollerExampleMap_C /Game/SideScrollerCPP/Maps/UEDPIE_1_SideScrollerExampleMap.SideScrollerExampleMap:PersistentLevel.SideScrollerExampleMap_C_1
	Function /Game/SideScrollerCPP/Maps/SideScrollerExampleMap.SideScrollerExampleMap_C:ExecuteUbergraph_SideScrollerExampleMap:00E6
[2018.03.01-17.47.43:100][254]PIE: Error: Blueprint Runtime Error: Accessed None trying to read property CallFunc_GetPlayerController_ReturnValue2 from function: 'ExecuteUbergraph_SideScrollerExampleMap' from node: Possess in graph: EventGraph in object: SideScrollerExampleMap with description: Accessed None trying to read property CallFunc_GetPlayerController_ReturnValue2
[2018.03.01-17.47.43:100][254]PIE: Play in editor start time for /Game/SideScrollerCPP/Maps/UEDPIE_1_SideScrollerExampleMap 0.974
[2018.03.01-17.47.43:104][254]PIE: New page: PIE session: SideScrollerExampleMap (1 Mar 2018 17:47:43)
[2018.03.01-17.47.43:157][254]LogNet: Browse: 127.0.0.1//Game/SideScrollerCPP/Maps/SideScrollerExampleMap
[2018.03.01-17.47.43:157][254]LogTemp: Display: ParseSettings for GameNetDriver
[2018.03.01-17.47.43:157][254]LogTemp: Display: ParseSettings for IpNetDriver_1
[2018.03.01-17.47.43:157][254]LogTemp: Display: ParseSettings for PendingNetDriver
[2018.03.01-17.47.43:157][254]LogInit: WinSock: Socket queue 32768 / 32768
[2018.03.01-17.47.43:157][254]PacketHandlerLog: Loaded PacketHandler component: Engine.EngineHandlerComponentFactory (StatelessConnectHandlerComponent)
[2018.03.01-17.47.43:157][254]LogNet: Game client on port 7777, rate 10000
[2018.03.01-17.47.43:161][254]PIE: Play in editor start time for /Game/SideScrollerCPP/Maps/SideScrollerExampleMap 1.035
[2018.03.01-17.47.43:171][254]LogBlueprintUserMessages: Late PlayInEditor Detection: Level '/Game/SideScrollerCPP/Maps/SideScrollerExampleMap.SideScrollerExampleMap:PersistentLevel' has LevelScriptBlueprint '/Game/SideScrollerCPP/Maps/SideScrollerExampleMap.SideScrollerExampleMap:PersistentLevel.SideScrollerExampleMap' with GeneratedClass '/Game/SideScrollerCPP/Maps/SideScrollerExampleMap.SideScrollerExampleMap_C' with ClassGeneratedBy '/Game/SideScrollerCPP/Maps/SideScrollerExampleMap.SideScrollerExampleMap:PersistentLevel.SideScrollerExampleMap'
[2018.03.01-17.47.43:172][254]LogNet: Browse: /Game/SideScrollerCPP/Maps/MainMenuMap
[2018.03.01-17.47.43:172][254]LogLoad: LoadMap: /Game/SideScrollerCPP/Maps/MainMenuMap
[2018.03.01-17.47.43:172][254]LogNet: World NetDriver shutdown IpNetDriver_0 [GameNetDriver]
[2018.03.01-17.47.43:172][254]LogNet: DestroyNamedNetDriver IpNetDriver_0 [GameNetDriver]
[2018.03.01-17.47.43:172][254]LogExit: GameNetDriver IpNetDriver_0 shut down
[2018.03.01-17.47.43:184][254]Cmd: MEM
[2018.03.01-17.47.43:193][254]LogMemory: Platform Memory Stats for Windows
[2018.03.01-17.47.43:193][254]LogMemory: Process Physical Memory: 1205.91 MB used, 1250.89 MB peak
[2018.03.01-17.47.43:193][254]LogMemory: Process Virtual Memory: 1815.66 MB used, 1815.67 MB peak
[2018.03.01-17.47.43:193][254]LogMemory: Physical Memory: 6425.96 MB used,  9903.77 MB free, 16329.73 MB total
[2018.03.01-17.47.43:193][254]LogMemory: Virtual Memory: 2664.18 MB used,  9903.77 MB free, 134217728.00 MB total
[2018.03.01-17.47.43:193][254]LogMemory: 
[2018.03.01-17.47.43:193][254]Allocator Stats for TBB: (not implemented)
[2018.03.01-17.47.43:793][254]LogAIModule: Creating AISystem for world MainMenuMap
[2018.03.01-17.47.43:793][254]LogLoad: Game class is 'AGI_FightingGameGameMode'
[2018.03.01-17.47.43:795][254]LogWorld: Bringing World /Game/SideScrollerCPP/Maps/UEDPIE_1_MainMenuMap.MainMenuMap up for play (max tick rate 0) at 2018.03.01-17.47.43
[2018.03.01-17.47.43:795][254]LogWorld: Bringing up level for play took: 0.000774
[2018.03.01-17.47.43:795][254]LogGameMode: FindPlayerStart: PATHS NOT DEFINED or NO PLAYERSTART with positive rating
[2018.03.01-17.47.43:798][254]LogGameMode: FindPlayerStart: PATHS NOT DEFINED or NO PLAYERSTART with positive rating
[2018.03.01-17.47.43:799][254]LogLoad: Took 0.626837 seconds to LoadMap(/Game/SideScrollerCPP/Maps/MainMenuMap)
[2018.03.01-17.47.43:866][255]PIE: Error: SetInputMode_UIOnly expects a valid player controller as target
[2018.03.01-17.47.43:866][255]LogScript: Warning: Accessed None trying to read property CallFunc_GetPlayerController_ReturnValue2
	BP_MyFighterGameInstance_C /Engine/Transient.UnrealEdEngine_0:BP_MyFighterGameInstance_C_1
	Function /Game/BP_MyFighterGameInstance.BP_MyFighterGameInstance_C:ExecuteUbergraph_BP_MyFighterGameInstance:01FD
[2018.03.01-17.47.43:866][255]PIE: Error: Blueprint Runtime Error: Accessed None trying to read property CallFunc_GetPlayerController_ReturnValue2 from function: 'ExecuteUbergraph_BP_MyFighterGameInstance' from node: Set bShowMouseCursor in graph: EventGraph in object: BP_MyFighterGameInstance with description: Accessed None trying to read property CallFunc_GetPlayerController_ReturnValue2
[2018.03.01-17.47.45:699][464]LogNet: Browse: /Game/SideScrollerCPP/Maps/SideScrollerExampleMap
[2018.03.01-17.47.45:699][464]LogLoad: LoadMap: /Game/SideScrollerCPP/Maps/SideScrollerExampleMap
[2018.03.01-17.47.45:716][464]Cmd: MEM
[2018.03.01-17.47.45:723][464]LogMemory: Platform Memory Stats for Windows
[2018.03.01-17.47.45:723][464]LogMemory: Process Physical Memory: 1314.25 MB used, 1353.91 MB peak
[2018.03.01-17.47.45:723][464]LogMemory: Process Virtual Memory: 2093.92 MB used, 2131.36 MB peak
[2018.03.01-17.47.45:723][464]LogMemory: Physical Memory: 6478.34 MB used,  9851.39 MB free, 16329.73 MB total
[2018.03.01-17.47.45:723][464]LogMemory: Virtual Memory: 2960.68 MB used,  9851.39 MB free, 134217728.00 MB total
[2018.03.01-17.47.45:723][464]LogMemory: 
[2018.03.01-17.47.45:723][464]Allocator Stats for TBB: (not implemented)
[2018.03.01-17.47.45:723][464]LogPlayLevel: Creating play world package: /Game/SideScrollerCPP/Maps/UEDPIE_1_SideScrollerExampleMap
[2018.03.01-17.47.45:738][464]LogPlayLevel: PIE: StaticDuplicateObject took: (0.014719s)
[2018.03.01-17.47.45:739][464]LogAIModule: Creating AISystem for world SideScrollerExampleMap
[2018.03.01-17.47.45:740][464]LogPlayLevel: PIE: World Init took: (0.001289s)
[2018.03.01-17.47.45:740][464]LogPlayLevel: PIE: Created PIE world by copying editor world from /Game/SideScrollerCPP/Maps/SideScrollerExampleMap.SideScrollerExampleMap to /Game/SideScrollerCPP/Maps/UEDPIE_1_SideScrollerExampleMap.SideScrollerExampleMap (0.016366s)
[2018.03.01-17.47.45:740][464]LogLoad: Game class is 'AGI_FightingGameGameMode'
[2018.03.01-17.47.45:749][464]LogWorld: Bringing World /Game/SideScrollerCPP/Maps/UEDPIE_1_SideScrollerExampleMap.SideScrollerExampleMap up for play (max tick rate 0) at 2018.03.01-17.47.45
[2018.03.01-17.47.45:749][464]LogWorld: Bringing up level for play took: 0.008092
[2018.03.01-17.47.45:749][464]LogGameMode: FindPlayerStart: PATHS NOT DEFINED or NO PLAYERSTART with positive rating
[2018.03.01-17.47.45:750][464]LogGameMode: FindPlayerStart: PATHS NOT DEFINED or NO PLAYERSTART with positive rating
[2018.03.01-17.47.45:751][464]LogLoad: Took 0.051178 seconds to LoadMap(/Game/SideScrollerCPP/Maps/UEDPIE_1_SideScrollerExampleMap)
[2018.03.01-17.47.48:765][824]LogTemp: Warning: MOVING P2 RIGHT
[2018.03.01-17.47.49:215][878]LogTemp: Warning: MOVING P2 LEFT
[2018.03.01-17.47.49:249][882]LogTemp: Warning: LADS
[2018.03.01-17.47.49:916][962]LogTemp: Warning: MOVING P2 RIGHT
[2018.03.01-17.47.50:050][978]LogBlueprintUserMessages: Early EndPlayMap Detection: Level '/Game/SideScrollerCPP/Maps/SideScrollerExampleMap.SideScrollerExampleMap:PersistentLevel' has LevelScriptBlueprint '/Game/SideScrollerCPP/Maps/SideScrollerExampleMap.SideScrollerExampleMap:PersistentLevel.SideScrollerExampleMap' with GeneratedClass '/Game/SideScrollerCPP/Maps/SideScrollerExampleMap.SideScrollerExampleMap_C' with ClassGeneratedBy '/Game/SideScrollerCPP/Maps/SideScrollerExampleMap.SideScrollerExampleMap:PersistentLevel.SideScrollerExampleMap'
[2018.03.01-17.47.50:125][978]LogBlueprintUserMessages: Late EndPlayMap Detection: Level '/Game/SideScrollerCPP/Maps/SideScrollerExampleMap.SideScrollerExampleMap:PersistentLevel' has LevelScriptBlueprint '/Game/SideScrollerCPP/Maps/SideScrollerExampleMap.SideScrollerExampleMap:PersistentLevel.SideScrollerExampleMap' with GeneratedClass '/Game/SideScrollerCPP/Maps/SideScrollerExampleMap.SideScrollerExampleMap_C' with ClassGeneratedBy '/Game/SideScrollerCPP/Maps/SideScrollerExampleMap.SideScrollerExampleMap:PersistentLevel.SideScrollerExampleMap'
[2018.03.01-17.47.50:134][978]LogNet: UChannel::CleanUp: ChIndex == 0. Closing connection. [UChannel] ChIndex: 0, Closing: 0 [UNetConnection] RemoteAddr: 127.0.0.1:7777, Name: IpConnection_0, Driver: PendingNetDriver IpNetDriver_1, IsServer: NO, PC: NULL, Owner: NULL
[2018.03.01-17.47.50:135][978]LogNet: UNetConnection::Close: [UNetConnection] RemoteAddr: 127.0.0.1:7777, Name: IpConnection_0, Driver: PendingNetDriver IpNetDriver_1, IsServer: NO, PC: NULL, Owner: NULL, Channels: 2, Time: 2018.03.01-17.47.50
[2018.03.01-17.47.50:135][978]LogNet: UChannel::Close: Sending CloseBunch. ChIndex == 0. Name: [UChannel] ChIndex: 0, Closing: 0 [UNetConnection] RemoteAddr: 127.0.0.1:7777, Name: IpConnection_0, Driver: PendingNetDriver IpNetDriver_1, IsServer: NO, PC: NULL, Owner: NULL
[2018.03.01-17.47.50:136][978]LogExit: PendingNetDriver None shut down
[2018.03.01-17.47.56:092][682]LogSlate: Took 0.000151 seconds to synchronously load lazily loaded font '../../../Engine/Content/Slate/Fonts/Roboto-Light.ttf' (159K)
[2018.03.01-17.47.56:140][682]LogBlueprint: Warning: [Compiler PersistentLevel.SideScrollerExampleMap] Node  Unknown  is not referencing a valid level actor
[2018.03.01-17.47.56:149][682]LogBlueprint: Warning: [Compiler PersistentLevel.SideScrollerExampleMap] [0042.01] Compile of PersistentLevel.SideScrollerExampleMap successful, but with 1 Warning(s) [in 11 ms] (/Game/SideScrollerCPP/Maps/SideScrollerExampleMap.SideScrollerExampleMap:PersistentLevel.SideScrollerExampleMap)
[2018.03.01-17.47.56:212][682]LogSavePackage: Save=75.68ms
[2018.03.01-17.47.56:212][682]LogSavePackage: Moving '../../../../../../Users/Luke/Documents/REPOS/agirepo/AGI_Project/AGI_FightingGame/Saved/SideScrollerExampleMap970CF52C49191675C3641984EB324CDB.tmp' to '../../../../../../Users/Luke/Documents/REPOS/agirepo/AGI_Project/AGI_FightingGame/Content/SideScrollerCPP/Maps/SideScrollerExampleMap.umap'
[2018.03.01-17.47.56:217][682]LogSavePackage: Display: Finished SavePackage ../../../../../../Users/Luke/Documents/REPOS/agirepo/AGI_Project/AGI_FightingGame/Content/SideScrollerCPP/Maps/SideScrollerExampleMap.umap
[2018.03.01-17.48.11:035][265]LogWindowsTextInputMethodSystem: Display: IME system now deactivated.
[2018.03.01-17.48.11:213][266]Cmd: QUIT_EDITOR
[2018.03.01-17.48.12:090][266]LogExit: Preparing to exit.
[2018.03.01-17.48.12:975][266]LogDirectoryWatcher: A directory notification for 'C:/Users/Luke/Documents/REPOS/agirepo/AGI_Project/AGI_FightingGame/Content/' was aborted.
[2018.03.01-17.48.12:996][266]LogExit: Editor shut down
[2018.03.01-17.48.12:999][266]LogExit: Transaction tracking system shut down
[2018.03.01-17.48.13:088][266]LogDirectoryWatcher: A directory notification for '../../../Engine/Content/' was aborted.
[2018.03.01-17.48.13:088][266]LogDirectoryWatcher: A directory notification for '../../../../../../Users/Luke/Documents/REPOS/agirepo/AGI_Project/AGI_FightingGame/Content/' was aborted.
[2018.03.01-17.48.13:088][266]LogDirectoryWatcher: A directory notification for '../../../Engine/Plugins/2D/Paper2D/Content/' was aborted.
[2018.03.01-17.48.13:088][266]LogDirectoryWatcher: A directory notification for '../../../Engine/Plugins/Runtime/Oculus/OculusVR/Content/' was aborted.
[2018.03.01-17.48.13:088][266]LogDirectoryWatcher: A directory notification for '../../../Engine/Plugins/Runtime/Steam/SteamVR/Content/' was aborted.
[2018.03.01-17.48.13:162][266]LogExit: Object subsystem successfully closed.
[2018.03.01-17.48.13:177][266]LogD3D11RHI: Shutdown
[2018.03.01-17.48.13:177][266]LogD3D11RHI: CleanupD3DDevice
[2018.03.01-17.48.13:231][266]LogD3D11RHI: ~FD3D11DynamicRHI
[2018.03.01-17.48.13:269][266]LogModuleManager: Shutting down and abandoning module MovieSceneCapture (534)
[2018.03.01-17.48.13:269][266]LogModuleManager: Shutting down and abandoning module HierarchicalLODOutliner (532)
[2018.03.01-17.48.13:269][266]LogModuleManager: Shutting down and abandoning module SceneOutliner (530)
[2018.03.01-17.48.13:269][266]LogModuleManager: Shutting down and abandoning module AddContentDialog (528)
[2018.03.01-17.48.13:269][266]LogDirectoryWatcher: A directory notification for 'C:/Program Files/Epic Games/UE_4.17/FeaturePacks/' was aborted.
[2018.03.01-17.48.13:273][266]LogModuleManager: Shutting down and abandoning module WidgetCarousel (527)
[2018.03.01-17.48.13:273][266]LogModuleManager: Shutting down and abandoning module EditorWidgets (524)
[2018.03.01-17.48.13:273][266]LogModuleManager: Shutting down and abandoning module CollectionManager (522)
[2018.03.01-17.48.13:273][266]LogDirectoryWatcher: A directory notification for 'C:/Users/Luke/Documents/REPOS/agirepo/AGI_Project/AGI_FightingGame/Content/Collections/' was aborted.
[2018.03.01-17.48.13:273][266]LogDirectoryWatcher: A directory notification for 'C:/Users/Luke/Documents/REPOS/agirepo/AGI_Project/AGI_FightingGame/Content/Developers/Luke/Collections/' was aborted.
[2018.03.01-17.48.13:273][266]LogDirectoryWatcher: A directory notification for 'C:/Users/Luke/Documents/REPOS/agirepo/AGI_Project/AGI_FightingGame/Saved/Collections/' was aborted.
[2018.03.01-17.48.13:273][266]LogModuleManager: Shutting down and abandoning module StatsViewer (520)
[2018.03.01-17.48.13:274][266]LogModuleManager: Shutting down and abandoning module FoliageEdit (518)
[2018.03.01-17.48.13:274][266]LogModuleManager: Shutting down and abandoning module LandscapeEditor (516)
[2018.03.01-17.48.13:274][266]LogModuleManager: Shutting down and abandoning module MeshPaintMode (514)
[2018.03.01-17.48.13:274][266]LogModuleManager: Shutting down and abandoning module SceneDepthPickerMode (512)
[2018.03.01-17.48.13:274][266]LogModuleManager: Shutting down and abandoning module ActorPickerMode (510)
[2018.03.01-17.48.13:274][266]LogModuleManager: Shutting down and abandoning module GeometryMode (508)
[2018.03.01-17.48.13:274][266]LogModuleManager: Shutting down and abandoning module TextureAlignMode (506)
[2018.03.01-17.48.13:274][266]LogModuleManager: Shutting down and abandoning module BspMode (504)
[2018.03.01-17.48.13:274][266]LogModuleManager: Shutting down and abandoning module PIEPreviewDeviceProfileSelector (502)
[2018.03.01-17.48.13:274][266]LogModuleManager: Shutting down and abandoning module HardwareSurvey (500)
[2018.03.01-17.48.13:275][266]LogModuleManager: Shutting down and abandoning module SequenceRecorderSections (498)
[2018.03.01-17.48.13:275][266]LogModuleManager: Shutting down and abandoning module AutomationWorker (496)
[2018.03.01-17.48.13:275][266]LogModuleManager: Shutting down and abandoning module MatineeToLevelSequence (494)
[2018.03.01-17.48.13:275][266]LogModuleManager: Shutting down and abandoning module LevelSequenceEditor (492)
[2018.03.01-17.48.13:275][266]LogModuleManager: Shutting down and abandoning module PlacementMode (491)
[2018.03.01-17.48.13:275][266]LogModuleManager: Shutting down and abandoning module WmfMediaFactory (488)
[2018.03.01-17.48.13:276][266]LogModuleManager: Shutting down and abandoning module WmfMediaEditor (486)
[2018.03.01-17.48.13:276][266]LogModuleManager: Shutting down and abandoning module AvfMediaFactory (484)
[2018.03.01-17.48.13:276][266]LogModuleManager: Shutting down and abandoning module AvfMediaEditor (482)
[2018.03.01-17.48.13:276][266]LogModuleManager: Shutting down and abandoning module AndroidMediaFactory (480)
[2018.03.01-17.48.13:276][266]LogModuleManager: Shutting down and abandoning module Media (479)
[2018.03.01-17.48.13:276][266]LogModuleManager: Shutting down and abandoning module AndroidMediaEditor (476)
[2018.03.01-17.48.13:276][266]LogModuleManager: Shutting down and abandoning module CharacterAI (474)
[2018.03.01-17.48.13:276][266]LogModuleManager: Shutting down and abandoning module AudioCapture (472)
[2018.03.01-17.48.13:276][266]LogModuleManager: Shutting down and abandoning module SequenceRecorder (471)
[2018.03.01-17.48.13:276][266]LogModuleManager: Shutting down and abandoning module SmartSnapping (468)
[2018.03.01-17.48.13:276][266]LogModuleManager: Shutting down and abandoning module SessionServices (466)
[2018.03.01-17.48.13:276][266]LogModuleManager: Shutting down and abandoning module ViewportSnapping (464)
[2018.03.01-17.48.13:276][266]LogModuleManager: Shutting down and abandoning module ViewportInteraction (462)
[2018.03.01-17.48.13:276][266]LogModuleManager: Shutting down and abandoning module ClothPainter (460)
[2018.03.01-17.48.13:276][266]LogModuleManager: Shutting down and abandoning module LogVisualizer (458)
[2018.03.01-17.48.13:276][266]LogModuleManager: Shutting down and abandoning module IntroTutorials (456)
[2018.03.01-17.48.13:276][266]LogModuleManager: Shutting down and abandoning module GameProjectGeneration (455)
[2018.03.01-17.48.13:277][266]LogModuleManager: Shutting down and abandoning module IOSPlatformEditor (452)
[2018.03.01-17.48.13:277][266]LogModuleManager: Shutting down and abandoning module HTML5PlatformEditor (450)
[2018.03.01-17.48.13:277][266]LogModuleManager: Shutting down and abandoning module AndroidPlatformEditor (448)
[2018.03.01-17.48.13:277][266]LogModuleManager: Shutting down and abandoning module AndroidDeviceDetection (447)
[2018.03.01-17.48.13:523][266]LogModuleManager: Shutting down and abandoning module WindowsPlatformEditor (444)
[2018.03.01-17.48.13:523][266]LogModuleManager: Shutting down and abandoning module IOSRuntimeSettings (442)
[2018.03.01-17.48.13:523][266]LogModuleManager: Shutting down and abandoning module AndroidRuntimeSettings (440)
[2018.03.01-17.48.13:523][266]LogModuleManager: Shutting down and abandoning module InputBindingEditor (438)
[2018.03.01-17.48.13:524][266]LogModuleManager: Shutting down and abandoning module MergeActors (436)
[2018.03.01-17.48.13:524][266]LogModuleManager: Shutting down and abandoning module SizeMap (434)
[2018.03.01-17.48.13:524][266]LogModuleManager: Shutting down and abandoning module TreeMap (432)
[2018.03.01-17.48.13:524][266]LogModuleManager: Shutting down and abandoning module ReferenceViewer (430)
[2018.03.01-17.48.13:524][266]LogModuleManager: Shutting down and abandoning module LocalizationDashboard (428)
[2018.03.01-17.48.13:524][266]LogModuleManager: Shutting down and abandoning module LocalizationService (427)
[2018.03.01-17.48.13:524][266]LogModuleManager: Shutting down and abandoning module HardwareTargeting (424)
[2018.03.01-17.48.13:525][266]LogModuleManager: Shutting down and abandoning module DeviceProfileEditor (422)
[2018.03.01-17.48.13:525][266]LogModuleManager: Shutting down and abandoning module UndoHistory (420)
[2018.03.01-17.48.13:525][266]LogModuleManager: Shutting down and abandoning module XmlParser (418)
[2018.03.01-17.48.13:525][266]LogModuleManager: Shutting down and abandoning module Blutility (416)
[2018.03.01-17.48.13:525][266]LogModuleManager: Shutting down and abandoning module ProjectSettingsViewer (414)
[2018.03.01-17.48.13:525][266]LogModuleManager: Shutting down and abandoning module ProjectTargetPlatformEditor (413)
[2018.03.01-17.48.13:525][266]LogModuleManager: Shutting down and abandoning module EditorSettingsViewer (410)
[2018.03.01-17.48.13:525][266]LogModuleManager: Shutting down and abandoning module SettingsEditor (408)
[2018.03.01-17.48.13:525][266]LogModuleManager: Shutting down and abandoning module ProjectLauncher (406)
[2018.03.01-17.48.13:526][266]LogModuleManager: Shutting down and abandoning module SessionFrontend (404)
[2018.03.01-17.48.13:526][266]LogModuleManager: Shutting down and abandoning module ProfilerClient (402)
[2018.03.01-17.48.13:526][266]LogModuleManager: Shutting down and abandoning module DeviceManager (400)
[2018.03.01-17.48.13:526][266]LogModuleManager: Shutting down and abandoning module TargetDeviceServices (399)
[2018.03.01-17.48.13:588][266]LogModuleManager: Shutting down and abandoning module AutomationController (396)
[2018.03.01-17.48.13:588][266]LogModuleManager: Shutting down and abandoning module AutomationWindow (394)
[2018.03.01-17.48.13:590][266]LogModuleManager: Shutting down and abandoning module Layers (392)
[2018.03.01-17.48.13:591][266]LogModuleManager: Shutting down and abandoning module ComponentVisualizers (390)
[2018.03.01-17.48.13:591][266]LogModuleManager: Shutting down and abandoning module DetailCustomizations (388)
[2018.03.01-17.48.13:591][266]LogModuleManager: Shutting down and abandoning module PackagesDialog (386)
[2018.03.01-17.48.13:591][266]LogModuleManager: Shutting down and abandoning module Persona (384)
[2018.03.01-17.48.13:592][266]LogModuleManager: Shutting down and abandoning module AdvancedPreviewScene (383)
[2018.03.01-17.48.13:592][266]LogModuleManager: Shutting down and abandoning module AnimGraph (381)
[2018.03.01-17.48.13:592][266]LogModuleManager: Shutting down and abandoning module Kismet (378)
[2018.03.01-17.48.13:593][266]LogModuleManager: Shutting down and abandoning module ClassViewer (376)
[2018.03.01-17.48.13:593][266]LogModuleManager: Shutting down and abandoning module Toolbox (374)
[2018.03.01-17.48.13:593][266]LogModuleManager: Shutting down and abandoning module ModuleUI (372)
[2018.03.01-17.48.13:594][266]LogModuleManager: Shutting down and abandoning module MovieSceneTools (370)
[2018.03.01-17.48.13:594][266]LogModuleManager: Shutting down and abandoning module OutputLog (368)
[2018.03.01-17.48.13:594][266]LogModuleManager: Shutting down and abandoning module GammaUI (366)
[2018.03.01-17.48.13:594][266]LogModuleManager: Shutting down and abandoning module Documentation (364)
[2018.03.01-17.48.13:594][266]LogModuleManager: Shutting down and abandoning module MovieSceneTracks (362)
[2018.03.01-17.48.13:594][266]LogModuleManager: Shutting down and abandoning module MovieScene (360)
[2018.03.01-17.48.13:594][266]LogModuleManager: Shutting down and abandoning module Niagara (358)
[2018.03.01-17.48.13:594][266]LogModuleManager: Shutting down and abandoning module NiagaraEditor (357)
[2018.03.01-17.48.13:595][266]LogModuleManager: Shutting down and abandoning module StreamingPauseRendering (354)
[2018.03.01-17.48.13:595][266]LogModuleManager: Shutting down and abandoning module LauncherPlatform (352)
[2018.03.01-17.48.13:595][266]LogModuleManager: Shutting down and abandoning module AnalyticsET (350)
[2018.03.01-17.48.13:595][266]LogModuleManager: Shutting down and abandoning module PortalServices (348)
[2018.03.01-17.48.13:595][266]LogModuleManager: Shutting down and abandoning module PortalRpc (346)
[2018.03.01-17.48.13:595][266]LogModuleManager: Shutting down and abandoning module MessagingRpc (344)
[2018.03.01-17.48.13:595][266]LogModuleManager: Shutting down and abandoning module AIModule (342)
[2018.03.01-17.48.13:595][266]LogModuleManager: Shutting down and abandoning module GameplayDebugger (341)
[2018.03.01-17.48.13:595][266]LogModuleManager: Shutting down and abandoning module AITestSuite (339)
[2018.03.01-17.48.13:595][266]LogModuleManager: Shutting down and abandoning module ProfilerService (336)
[2018.03.01-17.48.13:704][266]LogModuleManager: Shutting down and abandoning module TaskGraph (334)
[2018.03.01-17.48.13:704][266]LogModuleManager: Shutting down and abandoning module SteamVRController (332)
[2018.03.01-17.48.13:704][266]LogModuleManager: Shutting down and abandoning module ProceduralMeshComponentEditor (330)
[2018.03.01-17.48.13:704][266]LogModuleManager: Shutting down and abandoning module ProceduralMeshComponent (328)
[2018.03.01-17.48.13:704][266]LogModuleManager: Shutting down and abandoning module OculusInput (326)
[2018.03.01-17.48.13:704][266]LogModuleManager: Shutting down and abandoning module MobilePatchingUtils (324)
[2018.03.01-17.48.13:704][266]LogModuleManager: Shutting down and abandoning module CustomMeshComponent (322)
[2018.03.01-17.48.13:705][266]LogModuleManager: Shutting down and abandoning module CableComponent (320)
[2018.03.01-17.48.13:705][266]LogModuleManager: Shutting down and abandoning module ArchVisCharacter (318)
[2018.03.01-17.48.13:705][266]LogModuleManager: Shutting down and abandoning module AndroidPermission (316)
[2018.03.01-17.48.13:705][266]LogModuleManager: Shutting down and abandoning module MediaPlayerEditor (312)
[2018.03.01-17.48.13:705][266]LogModuleManager: Shutting down and abandoning module HTML5Networking (310)
[2018.03.01-17.48.13:705][266]LogModuleManager: Shutting down and abandoning module AlembicImporter (308)
[2018.03.01-17.48.13:705][266]LogModuleManager: Shutting down and abandoning module AlembicLibrary (307)
[2018.03.01-17.48.13:705][266]LogModuleManager: Shutting down and abandoning module GeometryCache (306)
[2018.03.01-17.48.13:705][266]LogModuleManager: Shutting down and abandoning module GeometryCacheEd (305)
[2018.03.01-17.48.13:705][266]LogModuleManager: Shutting down and abandoning module SpeedTreeImporter (300)
[2018.03.01-17.48.13:705][266]LogModuleManager: Shutting down and abandoning module PluginBrowser (298)
[2018.03.01-17.48.13:705][266]LogModuleManager: Shutting down and abandoning module MobileLauncherProfileWizard (296)
[2018.03.01-17.48.13:706][266]LogModuleManager: Shutting down and abandoning module VisualStudioSourceCodeAccess (294)
[2018.03.01-17.48.13:706][266]LogModuleManager: Shutting down and abandoning module DesktopPlatform (293)
[2018.03.01-17.48.13:706][266]LogModuleManager: Shutting down and abandoning module UObjectPlugin (290)
[2018.03.01-17.48.13:706][266]LogModuleManager: Shutting down and abandoning module SubversionSourceControl (288)
[2018.03.01-17.48.13:706][266]LogModuleManager: Shutting down and abandoning module PerforceSourceControl (286)
[2018.03.01-17.48.13:706][266]LogModuleManager: Shutting down and abandoning module GitSourceControl (284)
[2018.03.01-17.48.13:706][266]LogModuleManager: Shutting down and abandoning module SourceControl (283)
[2018.03.01-17.48.13:707][266]LogModuleManager: Shutting down and abandoning module LightPropagationVolumeEditor (280)
[2018.03.01-17.48.13:707][266]LogModuleManager: Shutting down and abandoning module PaperTiledImporter (278)
[2018.03.01-17.48.13:707][266]LogModuleManager: Shutting down and abandoning module PaperSpriteSheetImporter (276)
[2018.03.01-17.48.13:707][266]LogModuleManager: Shutting down and abandoning module Paper2DEditor (274)
[2018.03.01-17.48.13:707][266]LogModuleManager: Shutting down and abandoning module MeshPaint (273)
[2018.03.01-17.48.13:707][266]LogModuleManager: Shutting down and abandoning module LevelEditor (271)
[2018.03.01-17.48.13:707][266]LogModuleManager: Shutting down and abandoning module PixelInspectorModule (270)
[2018.03.01-17.48.13:707][266]LogModuleManager: Shutting down and abandoning module MainFrame (268)
[2018.03.01-17.48.13:707][266]LogModuleManager: Shutting down and abandoning module HotReload (267)
[2018.03.01-17.48.13:707][266]LogDirectoryWatcher: A directory notification for 'C:/Users/Luke/Documents/REPOS/agirepo/AGI_Project/AGI_FightingGame/Binaries/Win64' was aborted.
[2018.03.01-17.48.13:708][266]LogModuleManager: Shutting down and abandoning module AGI_FightingGame (262)
[2018.03.01-17.48.13:708][266]LogModuleManager: Shutting down and abandoning module RuntimePhysXCooking (260)
[2018.03.01-17.48.13:708][266]LogModuleManager: Shutting down and abandoning module PhysXVehiclesEditor (258)
[2018.03.01-17.48.13:708][266]LogModuleManager: Shutting down and abandoning module PhysXVehicles (256)
[2018.03.01-17.48.13:708][266]LogModuleManager: Shutting down and abandoning module OculusEditor (254)
[2018.03.01-17.48.13:708][266]LogModuleManager: Shutting down and abandoning module LocationServicesBPLibrary (252)
[2018.03.01-17.48.13:708][266]LogModuleManager: Shutting down and abandoning module ImmediatePhysicsEditor (250)
[2018.03.01-17.48.13:708][266]LogModuleManager: Shutting down and abandoning module ImmediatePhysics (248)
[2018.03.01-17.48.13:708][266]LogModuleManager: Shutting down and abandoning module UdpMessaging (246)
[2018.03.01-17.48.13:808][266]LogModuleManager: Shutting down and abandoning module TcpMessaging (244)
[2018.03.01-17.48.13:909][266]LogModuleManager: Shutting down and abandoning module GameplayTagsEditor (242)
[2018.03.01-17.48.13:909][266]LogModuleManager: Shutting down and abandoning module FacialAnimationEditor (240)
[2018.03.01-17.48.13:909][266]LogModuleManager: Shutting down and abandoning module FacialAnimation (238)
[2018.03.01-17.48.13:909][266]LogModuleManager: Shutting down and abandoning module AssetManagerEditor (236)
[2018.03.01-17.48.13:909][266]LogModuleManager: Shutting down and abandoning module GraphEditor (235)
[2018.03.01-17.48.13:910][266]LogModuleManager: Shutting down and abandoning module ContentBrowser (233)
[2018.03.01-17.48.13:911][266]LogModuleManager: Shutting down and abandoning module LightPropagationVolumeRuntime (230)
[2018.03.01-17.48.13:911][266]LogModuleManager: Shutting down and abandoning module Paper2D (228)
[2018.03.01-17.48.13:911][266]LogModuleManager: Shutting down and abandoning module WindowsMoviePlayer (226)
[2018.03.01-17.48.13:911][266]LogModuleManager: Shutting down and abandoning module WmfMedia (224)
[2018.03.01-17.48.13:913][266]LogModuleManager: Shutting down and abandoning module PacketHandler (222)
[2018.03.01-17.48.13:913][266]LogModuleManager: Shutting down and abandoning module ClothingSystemEditor (220)
[2018.03.01-17.48.13:913][266]LogModuleManager: Shutting down and abandoning module ClothingSystemRuntime (218)
[2018.03.01-17.48.13:913][266]LogModuleManager: Shutting down and abandoning module Overlay (216)
[2018.03.01-17.48.13:913][266]LogModuleManager: Shutting down and abandoning module OverlayEditor (215)
[2018.03.01-17.48.13:913][266]LogModuleManager: Shutting down and abandoning module MediaAssets (212)
[2018.03.01-17.48.13:913][266]LogModuleManager: Shutting down and abandoning module VREditor (210)
[2018.03.01-17.48.13:914][266]LogModuleManager: Shutting down and abandoning module StringTableEditor (208)
[2018.03.01-17.48.13:914][266]LogModuleManager: Shutting down and abandoning module GameplayTasksEditor (206)
[2018.03.01-17.48.13:914][266]LogModuleManager: Shutting down and abandoning module BehaviorTreeEditor (204)
[2018.03.01-17.48.13:914][266]LogModuleManager: Shutting down and abandoning module FunctionalTesting (202)
[2018.03.01-17.48.13:914][266]LogModuleManager: Shutting down and abandoning module CollisionAnalyzer (200)
[2018.03.01-17.48.13:915][266]LogModuleManager: Shutting down and abandoning module WorkspaceMenuStructure (199)
[2018.03.01-17.48.13:915][266]LogModuleManager: Shutting down and abandoning module UMG (196)
[2018.03.01-17.48.13:915][266]LogModuleManager: Shutting down and abandoning module UMGEditor (195)
[2018.03.01-17.48.13:915][266]LogModuleManager: Shutting down and abandoning module Sequencer (194)
[2018.03.01-17.48.13:915][266]LogModuleManager: Shutting down and abandoning module MessageLog (191)
[2018.03.01-17.48.13:915][266]LogModuleManager: Shutting down and abandoning module SlateReflector (186)
[2018.03.01-17.48.13:916][266]LogModuleManager: Shutting down and abandoning module Slate (184)
[2018.03.01-17.48.13:916][266]LogModuleManager: Shutting down and abandoning module EditorStyle (182)
[2018.03.01-17.48.13:919][266]LogModuleManager: Shutting down and abandoning module MRMesh (180)
[2018.03.01-17.48.13:919][266]LogModuleManager: Shutting down and abandoning module SourceCodeAccess (178)
[2018.03.01-17.48.13:919][266]LogModuleManager: Shutting down and abandoning module HeadMountedDisplay (176)
[2018.03.01-17.48.13:919][266]LogModuleManager: Shutting down and abandoning module XAudio2 (174)
[2018.03.01-17.48.13:919][266]LogModuleManager: Shutting down and abandoning module Networking (172)
[2018.03.01-17.48.13:919][266]LogModuleManager: Shutting down and abandoning module Core (168)
[2018.03.01-17.48.13:919][266]LogModuleManager: Shutting down and abandoning module KismetCompiler (164)
[2018.03.01-17.48.13:919][266]LogModuleManager: Shutting down and abandoning module LevelSequence (162)
[2018.03.01-17.48.13:919][266]LogModuleManager: Shutting down and abandoning module MeshUtilities (160)
[2018.03.01-17.48.13:919][266]LogModuleManager: Shutting down and abandoning module MeshMergeUtilities (159)
[2018.03.01-17.48.13:920][266]LogModuleManager: Shutting down and abandoning module MeshReductionInterface (158)
[2018.03.01-17.48.13:920][266]LogModuleManager: Shutting down and abandoning module SimplygonSwarm (157)
[2018.03.01-17.48.13:920][266]LogModuleManager: Shutting down and abandoning module SimplygonMeshReduction (155)
[2018.03.01-17.48.13:920][266]LogModuleManager: Shutting down and abandoning module QuadricMeshReduction (153)
[2018.03.01-17.48.13:920][266]LogModuleManager: Shutting down and abandoning module MaterialBaking (149)
[2018.03.01-17.48.13:920][266]LogModuleManager: Shutting down and abandoning module DirectoryWatcher (146)
[2018.03.01-17.48.13:921][266]LogModuleManager: Shutting down and abandoning module DerivedDataCache (144)
[2018.03.01-17.48.14:382][266]LogDerivedDataCache: Shutdown
[2018.03.01-17.48.14:382][266]LogModuleManager: Shutting down and abandoning module TargetPlatform (142)
[2018.03.01-17.48.14:382][266]LogModuleManager: Shutting down and abandoning module VulkanShaderFormat (141)
[2018.03.01-17.48.14:382][266]LogModuleManager: Shutting down and abandoning module ShaderFormatVectorVM (139)
[2018.03.01-17.48.14:382][266]LogModuleManager: Shutting down and abandoning module ShaderFormatOpenGL (137)
[2018.03.01-17.48.14:383][266]LogModuleManager: Shutting down and abandoning module ShaderFormatD3D (135)
[2018.03.01-17.48.14:383][266]LogModuleManager: Shutting down and abandoning module MetalShaderFormat (133)
[2018.03.01-17.48.14:383][266]LogModuleManager: Shutting down and abandoning module TextureFormatUncompressed (131)
[2018.03.01-17.48.14:383][266]LogModuleManager: Shutting down and abandoning module TextureFormatPVR (129)
[2018.03.01-17.48.14:383][266]LogModuleManager: Shutting down and abandoning module TextureFormatDXT (127)
[2018.03.01-17.48.14:383][266]LogModuleManager: Shutting down and abandoning module TextureFormatIntelISPCTexComp (125)
[2018.03.01-17.48.14:383][266]LogModuleManager: Shutting down and abandoning module TextureFormatASTC (123)
[2018.03.01-17.48.14:383][266]LogModuleManager: Shutting down and abandoning module ImageWrapper (122)
[2018.03.01-17.48.14:383][266]LogModuleManager: Shutting down and abandoning module TextureFormatAndroid (119)
[2018.03.01-17.48.14:383][266]LogModuleManager: Shutting down and abandoning module AudioFormatOpus (117)
[2018.03.01-17.48.14:383][266]LogModuleManager: Shutting down and abandoning module AudioFormatOgg (115)
[2018.03.01-17.48.14:383][266]LogModuleManager: Shutting down and abandoning module AudioFormatADPCM (113)
[2018.03.01-17.48.14:383][266]LogModuleManager: Shutting down and abandoning module LinuxTargetPlatform (111)
[2018.03.01-17.48.14:383][266]LogModuleManager: Shutting down and abandoning module LinuxServerTargetPlatform (109)
[2018.03.01-17.48.14:383][266]LogModuleManager: Shutting down and abandoning module LinuxNoEditorTargetPlatform (107)
[2018.03.01-17.48.14:383][266]LogModuleManager: Shutting down and abandoning module LinuxClientTargetPlatform (105)
[2018.03.01-17.48.14:383][266]LogModuleManager: Shutting down and abandoning module TVOSTargetPlatform (103)
[2018.03.01-17.48.14:383][266]LogModuleManager: Shutting down and abandoning module Messaging (101)
[2018.03.01-17.48.14:383][266]LogModuleManager: Shutting down and abandoning module IOSTargetPlatform (99)
[2018.03.01-17.48.14:383][266]LogModuleManager: Shutting down and abandoning module HTML5TargetPlatform (97)
[2018.03.01-17.48.14:383][266]LogModuleManager: Shutting down and abandoning module Android_PVRTCTargetPlatform (95)
[2018.03.01-17.48.14:384][266]LogModuleManager: Shutting down and abandoning module Android_MultiTargetPlatform (93)
[2018.03.01-17.48.14:384][266]LogModuleManager: Shutting down and abandoning module Android_ETC2TargetPlatform (91)
[2018.03.01-17.48.14:384][266]LogModuleManager: Shutting down and abandoning module Android_ETC1TargetPlatform (89)
[2018.03.01-17.48.14:384][266]LogModuleManager: Shutting down and abandoning module Android_DXTTargetPlatform (87)
[2018.03.01-17.48.14:384][266]LogModuleManager: Shutting down and abandoning module Android_ATCTargetPlatform (85)
[2018.03.01-17.48.14:384][266]LogModuleManager: Shutting down and abandoning module Android_ASTCTargetPlatform (83)
[2018.03.01-17.48.14:384][266]LogModuleManager: Shutting down and abandoning module AndroidTargetPlatform (81)
[2018.03.01-17.48.14:384][266]LogModuleManager: Shutting down and abandoning module WindowsTargetPlatform (79)
[2018.03.01-17.48.14:384][266]LogModuleManager: Shutting down and abandoning module WindowsServerTargetPlatform (77)
[2018.03.01-17.48.14:384][266]LogModuleManager: Shutting down and abandoning module WindowsNoEditorTargetPlatform (75)
[2018.03.01-17.48.14:384][266]LogModuleManager: Shutting down and abandoning module WindowsClientTargetPlatform (73)
[2018.03.01-17.48.14:384][266]LogModuleManager: Shutting down and abandoning module MacTargetPlatform (71)
[2018.03.01-17.48.14:384][266]LogModuleManager: Shutting down and abandoning module MacServerTargetPlatform (69)
[2018.03.01-17.48.14:384][266]LogModuleManager: Shutting down and abandoning module MacNoEditorTargetPlatform (67)
[2018.03.01-17.48.14:384][266]LogModuleManager: Shutting down and abandoning module MacClientTargetPlatform (65)
[2018.03.01-17.48.14:384][266]LogModuleManager: Shutting down and abandoning module AllDesktopTargetPlatform (63)
[2018.03.01-17.48.14:384][266]LogModuleManager: Shutting down and abandoning module InputCore (60)
[2018.03.01-17.48.14:384][266]LogModuleManager: Shutting down and abandoning module Settings (58)
[2018.03.01-17.48.14:384][266]LogModuleManager: Shutting down and abandoning module PhysXCooking (56)
[2018.03.01-17.48.14:384][266]LogModuleManager: Shutting down and abandoning module SteamVR (54)
[2018.03.01-17.48.14:384][266]LogModuleManager: Shutting down and abandoning module OculusHMD (52)
[2018.03.01-17.48.14:384][266]LogModuleManager: Shutting down and abandoning module ExampleDeviceProfileSelector (50)
[2018.03.01-17.48.14:384][266]LogModuleManager: Shutting down and abandoning module OnlineBlueprintSupport (48)
[2018.03.01-17.48.14:384][266]LogModuleManager: Shutting down and abandoning module OnlineSubsystem (44)
[2018.03.01-17.48.14:384][266]LogOnline: Display: Unloading online subsystem: NULL
[2018.03.01-17.48.14:385][266]LogModuleManager: Shutting down and abandoning module XMPP (43)
[2018.03.01-17.48.14:385][266]LogModuleManager: Shutting down and abandoning module HTTP (41)
[2018.03.01-17.48.14:385][266]LogHttp: Display: Http module shutting down, but needs to wait on 1 outstanding Http requests:
[2018.03.01-17.48.14:385][266]LogHttp: Display: 	verb=[POST] url=[https://datarouter.ol.epicgames.com/datarouter/api/v1/public/data?SessionID=%7BC42BAC2A-41F2-0051-E00D-79800DEE8689%7D&AppID=UEEditor.Rocket.Release&AppVersion=4.17.2-3658906%2B%2B%2BUE4%2BRelease-4.17&UserID=6175246141df1c724e9e9898c3da596d%7Cf0d61a9a6b924cdf8cfba529cb2dac5c%7C0df45c02-e512-450f-9950-dbe60296ed26&AppEnvironment=datacollector-binary&UploadType=eteventstream] status=Processing
[2018.03.01-17.48.14:388][266]LogModuleManager: Shutting down and abandoning module SSL (40)
[2018.03.01-17.48.14:389][266]LogModuleManager: Shutting down and abandoning module AnimationModifiers (36)
[2018.03.01-17.48.14:389][266]LogModuleManager: Shutting down and abandoning module PropertyEditor (35)
[2018.03.01-17.48.14:389][266]LogModuleManager: Shutting down and abandoning module AudioEditor (32)
[2018.03.01-17.48.14:390][266]LogModuleManager: Shutting down and abandoning module TextureCompressor (30)
[2018.03.01-17.48.14:390][266]LogModuleManager: Shutting down and abandoning module ShaderCore (28)
[2018.03.01-17.48.14:390][266]LogModuleManager: Shutting down and abandoning module Landscape (26)
[2018.03.01-17.48.14:390][266]LogModuleManager: Shutting down and abandoning module SlateRHIRenderer (24)
[2018.03.01-17.48.14:391][266]LogModuleManager: Shutting down and abandoning module OpenGLDrv (22)
[2018.03.01-17.48.14:391][266]LogModuleManager: Shutting down and abandoning module D3D11RHI (20)
[2018.03.01-17.48.14:391][266]LogModuleManager: Shutting down and abandoning module AnimGraphRuntime (18)
[2018.03.01-17.48.14:391][266]LogModuleManager: Shutting down and abandoning module Renderer (16)
[2018.03.01-17.48.14:391][266]LogModuleManager: Shutting down and abandoning module Engine (14)
[2018.03.01-17.48.14:391][266]LogModuleManager: Shutting down and abandoning module CoreUObject (12)
[2018.03.01-17.48.14:391][266]LogModuleManager: Shutting down and abandoning module NetworkFile (10)
[2018.03.01-17.48.14:391][266]LogModuleManager: Shutting down and abandoning module CookedIterativeFile (8)
[2018.03.01-17.48.14:391][266]LogModuleManager: Shutting down and abandoning module StreamingFile (6)
[2018.03.01-17.48.14:391][266]LogModuleManager: Shutting down and abandoning module SandboxFile (4)
[2018.03.01-17.48.14:391][266]LogModuleManager: Shutting down and abandoning module PakFile (2)
[2018.03.01-17.48.14:394][266]LogExit: Exiting.
[2018.03.01-17.48.14:406][266]Log file closed, 03/01/18 17:48:14
